#This file is for FF-specific equipment. For equipment from pathfinder, see pf_core/pf_equip_*.lst

###Block: Coins
# Equipment Name		Type		Cost		Weight	Source Page
Coin (gil)	TYPE:Coin	COST:1	WT:0.02	SOURCEPAGE:p.140




###Block - Materia		
Bio 1 Materia		TYPE:Materia.Spell Materia		SORTKEY:Materia 01	KEY:Materia ~ Bio 1		COST:4000	SPROP:Weapon - This deals 1 point of non-elemental damage to the target for 1 round after the initial hit.		SPROP:Armor - This grants the user a +2 resistance bonus to poison and sap spells and effects.	SPROP:UMD Can cast Poison
Bio 2 Materia		TYPE:Materia.Spell Materia		SORTKEY:Materia 01	KEY:Materia ~ Bio 2		COST:6000	SPROP:Weapon - This deals 1d6 pointsof non-elemental damage to the target for 1 round after the initial hit.		SPROP:Armor - This grants the user a +4 resistance bonus to poison and sap spells and effects.	SPROP:UMD Can cast Bio
Bio 3 Materia		TYPE:Materia.Spell Materia		SORTKEY:Materia 01	KEY:Materia ~ Bio 3		COST:10000	SPROP:Weapon - This deals 2d6 pointsof non-elemental damage to the target for 1 round after the initial hit.		SPROP:Armor - This grants the user a +6 resistance bonus to poison and sap spells and effects.	SPROP:UMD Can cast Biora
Dark 1 Materia		TYPE:Materia.Spell Materia		SORTKEY:Materia 01	KEY:Materia ~ Dark 1		COST:600	SPROP:Weapon - This adds 1 point of shadow damage to the weapon's damage.		SPROP:Armor - Dark Resistance 2	SPROP:UMD Can cast Dark
Dark 2 Materia		TYPE:Materia.Spell Materia		SORTKEY:Materia 01	KEY:Materia ~ Dark 2		COST:3000	SPROP:Weapon - This adds 1d6 point of shadow damage to the weapon's damage.	SPROP:Armor - Dark Resistance 5		SPROP:UMD Can cast Dark II
Dark 3 Materia		TYPE:Materia.Spell Materia		SORTKEY:Materia 01	KEY:Materia ~ Dark 3		COST:6000	SPROP:Weapon - This adds 2d6 point of shadow damage to the weapon's damage.	SPROP:Armor - Dark Resistance 10		SPROP:UMD Can cast Dark III
Death 1 Materia		TYPE:Materia.Spell Materia		SORTKEY:Materia 01	KEY:Materia ~ Death 1		COST:40000	SPROP:Weapon - +1d6 Shadow damage													SPROP:Armor - You auto-stabilize at -1 hp and lower										SPROP:UMD Can cast Countdown
Death 2 Materia		TYPE:Materia.Spell Materia		SORTKEY:Materia 01	KEY:Materia ~ Death 2		COST:70000	SPROP:Weapon - +2d6 Shadow damage													SPROP:Armor - Your death threshold (-1 to -9 hp) increases to 10 + HD (at 10th level it would be -20)		SPROP:UMD Can cast Doom
Death 3 Materia		TYPE:Materia.Spell Materia		SORTKEY:Materia 01	KEY:Materia ~ Death 3		COST:100000	SPROP:Weapon - +3d6 Shadow damage. On a critical hit, the target must succeed a Fortitudesave (DC 20) or die.	SPROP:Armor - Immunity to Death/Countdown and related spells and effects						SPROP:UMD Can cast Death
Earth 1 Materia		TYPE:Materia.Spell Materia		SORTKEY:Materia 01	KEY:Materia ~ Earth 1		COST:600	SPROP:Weapon - +1 Earth damage	SPROP:Armor - Earth Resistance 2		SPROP:UMD Can cast Stone
Earth 2 Materia		TYPE:Materia.Spell Materia		SORTKEY:Materia 01	KEY:Materia ~ Earth 2		COST:3000	SPROP:Weapon - +1d6 Earth damage	SPROP:Armor - Earth Resistance 5		SPROP:UMD Can cast Stone II
Earth 3 Materia		TYPE:Materia.Spell Materia		SORTKEY:Materia 01	KEY:Materia ~ Earth 3		COST:6000	SPROP:Weapon - +2d6 Earth damage	SPROP:Armor - Earth Resistance 10		SPROP:UMD Can cast Stone III
Fire 1 Materia		TYPE:Materia.Spell Materia		SORTKEY:Materia 01	KEY:Materia ~ Fire 1		COST:600	SPROP:Weapon - +1 Fire damage	SPROP:Armor - Fire Resistance 2		SPROP:UMD Can cast Fire
Fire 2 Materia		TYPE:Materia.Spell Materia		SORTKEY:Materia 01	KEY:Materia ~ Fire 2		COST:3000	SPROP:Weapon - +1d6 Fire damage	SPROP:Armor - Fire Resistance 5		SPROP:UMD Can cast Fire II
Fire 3 Materia		TYPE:Materia.Spell Materia		SORTKEY:Materia 01	KEY:Materia ~ Fire 3		COST:6000	SPROP:Weapon - +2d6 Fire damage	SPROP:Armor - Fire Resistance 10		SPROP:UMD Can cast Fire III
Ice 1 Materia		TYPE:Materia.Spell Materia		SORTKEY:Materia 01	KEY:Materia ~ Ice 1		COST:600	SPROP:Weapon - +1 Ice damage	SPROP:Armor - Ice Resistance 2		SPROP:UMD Can cast Blizzard
Ice 2 Materia		TYPE:Materia.Spell Materia		SORTKEY:Materia 01	KEY:Materia ~ Ice 2		COST:3000	SPROP:Weapon - +1d6 Ice damage	SPROP:Armor - Ice Resistance 5		SPROP:UMD Can cast Blizzard II
Ice 3 Materia		TYPE:Materia.Spell Materia		SORTKEY:Materia 01	KEY:Materia ~ Ice 3		COST:6000	SPROP:Weapon - +2d6 Ice damage	SPROP:Armor - Ice Resistance 10		SPROP:UMD Can cast Blizzard III
Lightning 1 Materia	TYPE:Materia.Spell Materia		SORTKEY:Materia 01	KEY:Materia ~ Lightning 1	COST:600	SPROP:Weapon - +1 Lightning damage	SPROP:Armor - Lightning Resistance 2		SPROP:UMD Can cast Thunder
Lightning 2 Materia	TYPE:Materia.Spell Materia		SORTKEY:Materia 01	KEY:Materia ~ Lightning 2	COST:3000	SPROP:Weapon - +1d6 Lightning damage	SPROP:Armor - Lightning Resistance 5		SPROP:UMD Can cast Thunder II
Lightning 3 Materia	TYPE:Materia.Spell Materia		SORTKEY:Materia 01	KEY:Materia ~ Lightning 3	COST:6000	SPROP:Weapon - +2d6 Lightning damage	SPROP:Armor - Lightning Resistance 10		SPROP:UMD Can cast Thunder III
Time 1 Materia		TYPE:Materia.Spell Materia		SORTKEY:Materia 01	KEY:Materia ~ Time 1		COST:15000	SPROP:Weapon - +1 luck bonus to attack rolls	SPROP:Armor - +2 luck bonus to initiative	SPROP:UMD Can cast Haste
Time 2 Materia		TYPE:Materia.Spell Materia		SORTKEY:Materia 01	KEY:Materia ~ Time 2		COST:25000	SPROP:Weapon - +2 luck bonus to attack rolls	SPROP:Armor - +4 luck bonus to initiative	SPROP:UMD Can cast Slow
Time 3 Materia		TYPE:Materia.Spell Materia		SORTKEY:Materia 01	KEY:Materia ~ Time 3		COST:40000	SPROP:Weapon - +3 luck bonus to attack rolls	SPROP:Armor - +6 luck bonus to initiative	SPROP:UMD Can cast Hastega
Water 1 Materia		TYPE:Materia.Spell Materia		SORTKEY:Materia 01	KEY:Materia ~ Water 1		COST:600	SPROP:Weapon - +1 Water damage	SPROP:Armor - Water Resistance 2		SPROP:UMD Can cast Water
Water 2 Materia		TYPE:Materia.Spell Materia		SORTKEY:Materia 01	KEY:Materia ~ Water 2		COST:3000	SPROP:Weapon - +1d6 Water damage	SPROP:Armor - Water Resistance 5		SPROP:UMD Can cast Water II
Water 3 Materia		TYPE:Materia.Spell Materia		SORTKEY:Materia 01	KEY:Materia ~ Water 3		COST:6000	SPROP:Weapon - +2d6 Water damage	SPROP:Armor - Water Resistance 10		SPROP:UMD Can cast Water III
Wind 1 Materia		TYPE:Materia.Spell Materia		SORTKEY:Materia 01	KEY:Materia ~ Wind 1		COST:600	SPROP:Weapon - +1 Wind damage	SPROP:Armor - Wind Resistance 2		SPROP:UMD Can cast Aero
Wind 2 Materia		TYPE:Materia.Spell Materia		SORTKEY:Materia 01	KEY:Materia ~ Wind 2		COST:3000	SPROP:Weapon - +1d6 Wind damage	SPROP:Armor - Wind Resistance 5		SPROP:UMD Can cast Aero II
Wind 3 Materia		TYPE:Materia.Spell Materia		SORTKEY:Materia 01	KEY:Materia ~ Wind 3		COST:6000	SPROP:Weapon - +2d6 Wind damage	SPROP:Armor - Wind Resistance 10		SPROP:UMD Can cast Aero III

###Block - Support Materia
Barrier			TYPE:Materia.Support Materia		SORTKEY:Materia 02	KEY:x
Cure				TYPE:Materia.Support Materia		SORTKEY:Materia 02	KEY:x
Holy				TYPE:Materia.Support Materia		SORTKEY:Materia 02	KEY:x
Life				TYPE:Materia.Support Materia		SORTKEY:Materia 02	KEY:x
Protect			TYPE:Materia.Support Materia		SORTKEY:Materia 02	KEY:x
Regen				TYPE:Materia.Support Materia		SORTKEY:Materia 02	KEY:x
Shell				TYPE:Materia.Support Materia		SORTKEY:Materia 02	KEY:x

###Block - Independent Material
Ability Boost		TYPE:Materia.Independent Materia		SORTKEY:Materia 03	KEY:x
Cast Boost			TYPE:Materia.Independent Materia		SORTKEY:Materia 03	KEY:x
Demolition			TYPE:Materia.Independent Materia		SORTKEY:Materia 03	KEY:x
Doublecut			TYPE:Materia.Independent Materia		SORTKEY:Materia 03	KEY:x
Evasion			TYPE:Materia.Independent Materia		SORTKEY:Materia 03	KEY:x
Flight			TYPE:Materia.Independent Materia		SORTKEY:Materia 03	KEY:x
HP				TYPE:Materia.Independent Materia		SORTKEY:Materia 03	KEY:x
Light				TYPE:Materia.Independent Materia		SORTKEY:Materia 03	KEY:x
MP				TYPE:Materia.Independent Materia		SORTKEY:Materia 03	KEY:x
Safe				TYPE:Materia.Independent Materia		SORTKEY:Materia 03	KEY:x
Shadow			TYPE:Materia.Independent Materia		SORTKEY:Materia 03	KEY:x
Spell Reduction		TYPE:Materia.Independent Materia		SORTKEY:Materia 03	KEY:x
Spider			TYPE:Materia.Independent Materia		SORTKEY:Materia 03	KEY:x
Undead			TYPE:Materia.Independent Materia		SORTKEY:Materia 03	KEY:x
Underwater			TYPE:Materia.Independent Materia		SORTKEY:Materia 03	KEY:x

###Block - Ability Materia
Cleave			TYPE:Materia.Ability Materia		SORTKEY:Materia 04	KEY:x
Dodge				TYPE:Materia.Ability Materia		SORTKEY:Materia 04	KEY:x
Endurance			TYPE:Materia.Ability Materia		SORTKEY:Materia 04	KEY:x
Expertise			TYPE:Materia.Ability Materia		SORTKEY:Materia 04	KEY:x
Flank				TYPE:Materia.Ability Materia		SORTKEY:Materia 04	KEY:x
Mounted			TYPE:Materia.Ability Materia		SORTKEY:Materia 04	KEY:x
Overwhelm			TYPE:Materia.Ability Materia		SORTKEY:Materia 04	KEY:x
Power				TYPE:Materia.Ability Materia		SORTKEY:Materia 04	KEY:x
Shield			TYPE:Materia.Ability Materia		SORTKEY:Materia 04	KEY:x
Skill				TYPE:Materia.Ability Materia		SORTKEY:Materia 04	KEY:x
Unarmed			TYPE:Materia.Ability Materia		SORTKEY:Materia 04	KEY:x

###Block - Summon Materia
Bahamut			TYPE:Materia.Summon Materia		SORTKEY:Materia 05	KEY:x
Carbuncle			TYPE:Materia.Summon Materia		SORTKEY:Materia 05	KEY:x
Diablo			TYPE:Materia.Summon Materia		SORTKEY:Materia 05	KEY:x
Ifrit				TYPE:Materia.Summon Materia		SORTKEY:Materia 05	KEY:x
Ixion				TYPE:Materia.Summon Materia		SORTKEY:Materia 05	KEY:x
Leviathan			TYPE:Materia.Summon Materia		SORTKEY:Materia 05	KEY:x
Phoenix			TYPE:Materia.Summon Materia		SORTKEY:Materia 05	KEY:x
Shiva				TYPE:Materia.Summon Materia		SORTKEY:Materia 05	KEY:x
Titan				TYPE:Materia.Summon Materia		SORTKEY:Materia 05	KEY:x
Valefor			TYPE:Materia.Summon Materia		SORTKEY:Materia 05	KEY:x



###Block - Cyberware pageless extra
Anti-Shock Implant			KEY:Cyberware ~ Anti-Shock Implant					ABILITY:Special Ability|AUTOMATIC|Cyberware|Cyberware ~ Anti-Shock Implant				SPROP:This tiny implant, embedded near the recipient's brain stem, protects itself and other cybernetic hardware against electricity damage. The implant negates the recipient's special vulnerability to lightning damage.	TYPE:Cyberware.CyberSlot_Brain	COST:5000	WT:0.5		BONUS:VAR|CyberwareImplantation|1
Biofilter					KEY:Cyberware ~ Biofilter						ABILITY:Special Ability|AUTOMATIC|Cyberware|Cyberware ~ Biofilter						SPROP:A nanite matrix is installed in the kidneys and liver to help purge the body of toxins. A biofilter provides a +4 competence bonus on saving throws against disease and poison. In addition, when the user attempts such a saving throw, she rolls twice and takes the higher result.	TYPE:Cyberware.CyberSlot_Body	SPROP:Craft/Install DC 25		BONUS:VAR|CyberwareImplantation|1	WT:2	COST:8000
Cranial Bomb				KEY:Cyberware ~ Cranial Bomb						ABILITY:Special Ability|AUTOMATIC|Cyberware|Cyberware ~ Cranial Bomb					SPROP:A cranial bomb is a bomb implanted at the base of the skull that explodes when remotely activated by a detonator's signal. Though normally implanted, a cranial bomb can also be detonated outside of a body. If detonated while implanted, it deals 2d6 points of bludgeoning damage and 2d6 points of fire damage, and the recipient must succeed at a Fortitude saving throw (DC = 10 + the damage dealt) or be instantly slain. Creatures killed in this manner cannot be revived by breath of life or raise. If detonated outside a body, the bomb instead creates a small explosion, dealing the damage detailed above in a 5-foot-radius burst (Reflex DC 13 half).	TYPE:Cyberware.CyberSlot_Head	SPROP:Craft/Install DC 25		BONUS:VAR|CyberwareImplantation|1	WT:0.5	COST:4500
Cyberart					KEY:Cyberware ~ Cyberart						ABILITY:Special Ability|AUTOMATIC|Cyberware|Cyberware ~ Cyberart						SPROP:Cyberart is the least invasive of all cybertech. This implant is similar in appearance to a tattoo, except that it can glow softly if desired, providing illumination equal to that provided by a candle. Some cyberart is animated, providing a short looping scene that replays over and over. Cyberart is installed in a body with a small metallic stylus that injects low-grade nanites into a body part; the quality of the art relies on the installer's Craft (painting or tattoo) check.	TYPE:Cyberware.CyberSlot_Slotless	SPROP:Craft/Install DC 20		BONUS:VAR|CyberwareImplantation|0	WT:1	COST:100
Cyberfiber Muscles (Mark I)		KEY:Cyberware ~ Cyberfiber Muscles (Mark I)			ABILITY:Special Ability|AUTOMATIC|Cyberware|Cyberware ~ Cyberfiber Muscles (Mark I)			SPROP:Cyberfiber muscles are powerful synthetic muscles that augment but do not replace existing muscle mass in a creature. Once installed, cyberfiber muscles grant an enhancement bonus to Strength of +2.	TYPE:Cyberware.CyberSlot_Body	SPROP:Craft/Install DC 24		BONUS:VAR|CyberwareImplantation|2	WT:10	COST:4000
Cyberfiber Muscles (Mark II)		KEY:Cyberware ~ Cyberfiber Muscles (Mark II)			ABILITY:Special Ability|AUTOMATIC|Cyberware|Cyberware ~ Cyberfiber Muscles (Mark II)		SPROP:Cyberfiber muscles are powerful synthetic muscles that augment but do not replace existing muscle mass in a creature. Once installed, cyberfiber muscles grant an enhancement bonus to Strength of +4.	TYPE:Cyberware.CyberSlot_Body	SPROP:Craft/Install DC 28)		BONUS:VAR|CyberwareImplantation|4	WT:10	COST:16000
Cyberfiber Muscles (Mark III)		KEY:Cyberware ~ Cyberfiber Muscles (Mark III)			ABILITY:Special Ability|AUTOMATIC|Cyberware|Cyberware ~ Cyberfiber Muscles (Mark III)		SPROP:Cyberfiber muscles are powerful synthetic muscles that augment but do not replace existing muscle mass in a creature. Once installed, cyberfiber muscles grant an enhancement bonus to Strength of +6.	TYPE:Cyberware.CyberSlot_Body	SPROP:Craft/Install DC 36)		BONUS:VAR|CyberwareImplantation|6	WT:10	COST:36000
Cybernetic Arm				KEY:Cyberware ~ Cybernetic Arm					ABILITY:Special Ability|AUTOMATIC|Cyberware|Cyberware ~ Cybernetic Arm					SPROP:A cybernetic arm completely replaces a normal arm, from the shoulder to the hand. It can take the place of an arm lost to a severing wound. The arm is fully functional and no different in appearance from a regular arm, although cyberart can be added to the arm at no additional cost. A cybernetic arm does not increase a user's Strength score. If a creature has two cybernetic arms, it can lift and carry double the normal maximum weight for that creature's Strength and size, and it gains a +5 circumstance bonus on Climb checks. A character who wields a one-handed or light weapon with a cybernetic arm gains a +5 bonus to CMD against disarm attempts; two cybernetic arms do not increase this bonus, but do allow the bonus to apply to two-handed weapons.	TYPE:Cyberware.CyberSlot_Arm	SPROP:Craft/Install DC 28		BONUS:VAR|CyberwareImplantation|2	WT:9	COST:4750
Cybernetic Arm Enhancer			KEY:Cyberware ~ Cybernetic Arm Enhancer				ABILITY:Special Ability|AUTOMATIC|Cyberware|Cyberware ~ Cybernetic Arm Enhancer			SPROP:This implant attaches to a cybernetic arm, making it stronger. The cybernetic arm enhancer grants a +2 bonus on Strength- and Dexterity-based ability checks and skill checks. In addition, any unarmed attack made with an enhanced cybernetic arm deals an additional 1 point of damage.	TYPE:Cyberware.CyberSlot_Arm	SPROP:Craft/Install DC 24		BONUS:VAR|CyberwareImplantation|0	WT:1	COST:2000
Cybernetic Ears				KEY:Cyberware ~ Cybernetic Ears					ABILITY:Special Ability|AUTOMATIC|Cyberware|Cyberware ~ Cybernetic Ears					SPROP:A cybernetic ear can be enhanced by cyberart at no additional cost, giving it an unusual color or shape. When a pair of ears is installed, the user gains a +2 circumstance bonus on Perception checks. This bonus stacks with circumstance bonuses on Perception checks from other cybernetic senses. Cybernetic ears grant a +4 resistance bonus on all saving throws against sonic effects. The listed price, implantation value, and install DC are for having both ears installed. A single cybernetic ear costs half the price and half the listed implantation value, but a creature must replace all of its ears to receive the benefits above.	TYPE:Cyberware.CyberSlot_Ears	SPROP:Craft/Install DC 28		BONUS:VAR|CyberwareImplantation|1	WT:1	COST:4000
Cybernetic Eyes				KEY:Cyberware ~ Cybernetic Eyes					ABILITY:Special Ability|AUTOMATIC|Cyberware|Cyberware ~ Cybernetic Eyes					SPROP:A cybernetic eye can be enhanced by cyberart at no additional cost, giving it an unusual color or pattern. When a pair of eyes is installed, the user gains a +2 circumstance bonus on Perception checks. This bonus stacks with circumstance bonuses on Perception checks from other cybernetic senses. Cybernetic eyes grant a +4 resistance bonus on all saving throws against blindness and visual effects. The listed price, implantation value, and install DC are for having two eyes installed. A single cybernetic eye costs half the price and half the listed implantation value, but a creature must replace all of its eyes to receive the benefits above.	TYPE:Cyberware.CyberSlot_Eyes	SPROP:Craft/Install DC 28		BONUS:VAR|CyberwareImplantation|1	WT:1	COST:4000
Cybernetic Leg				KEY:Cyberware ~ Cybernetic Leg					ABILITY:Special Ability|AUTOMATIC|Cyberware|Cyberware ~ Cybernetic Leg					SPROP:A cybernetic leg completely replaces a normal leg, from the hip to the foot. It can take the place of a leg lost to a severing wound. The leg is fully functional and no different in appearance from a regular leg, although cyberart can be added to the leg at no additional cost. A cybernetic leg does not increase a user's Strength score. If both legs are replaced, they increase the user's base land speed by 10 feet and grant a +5 bonus to CMD against trip attempts and a +5 circumstance bonus on Acrobatics checks. The listed price, implantation, and install DC are for having two legs installed. A single cybernetic leg costs half the price and half the listed implantation value, but no significant bonus is granted to a creature with only one cybernetic leg. Both legs (or all legs, in the case of multi-legged creatures) must be replaced for the above benefits to take effect.	TYPE:Cyberware.CyberSlot_Leg	SPROP:Craft/Install DC 28		BONUS:VAR|CyberwareImplantation|2	WT:12	COST:8500
Cybernetic Leg Enhancer			KEY:Cyberware ~ Cybernetic Leg Enhancer				ABILITY:Special Ability|AUTOMATIC|Cyberware|Cyberware ~ Cybernetic Leg Enhancer			SPROP:This implant attaches to a cybernetic leg, making it stronger. The cybernetic leg enhancer increases the recipient's base speed by +5 feet. In addition, any unarmed attack made with an enhanced cybernetic leg deals an additional 1 point of damage.	TYPE:Cyberware.CyberSlot_Leg	SPROP:Craft/Install DC 24		BONUS:VAR|CyberwareImplantation|0	WT:1	COST:2000
Dermal Plating (Mark I)			KEY:Cyberware ~ Dermal Plating (Mark I)				ABILITY:Special Ability|AUTOMATIC|Cyberware|Cyberware ~ Dermal Plating (Mark I)			SPROP:Dermal plating consists of sheets of highly resistant bio plastics anchored directly onto the patient's skin. These armored plates grant an enhancement bonus to natural armor of +1.	TYPE:Cyberware.CyberSlot_Body	SPROP:Craft/Install DC 24		BONUS:VAR|CyberwareImplantation|1	WT:10	COST:2000
Dermal Plating (Mark II)		KEY:Cyberware ~ Dermal Plating (Mark II)				ABILITY:Special Ability|AUTOMATIC|Cyberware|Cyberware ~ Dermal Plating (Mark II)			SPROP:Dermal plating consists of sheets of highly resistant bio plastics anchored directly onto the patient's skin. These armored plates grant an enhancement bonus to natural armor of +2.	TYPE:Cyberware.CyberSlot_Body	SPROP:Craft/Install DC 26		BONUS:VAR|CyberwareImplantation|2	WT:10	COST:8000
Dermal Plating (Mark II)		KEY:Cyberware ~ Dermal Plating (Mark II)				ABILITY:Special Ability|AUTOMATIC|Cyberware|Cyberware ~ Dermal Plating (Mark II)			SPROP:Dermal plating consists of sheets of highly resistant bio plastics anchored directly onto the patient's skin. These armored plates grant an enhancement bonus to natural armor of +3.	TYPE:Cyberware.CyberSlot_Body	SPROP:Craft/Install DC 28		BONUS:VAR|CyberwareImplantation|3	WT:10	COST:18000
Dermal Plating (Mark IV)		KEY:Cyberware ~ Dermal Plating (Mark IV)				ABILITY:Special Ability|AUTOMATIC|Cyberware|Cyberware ~ Dermal Plating (Mark IV)			SPROP:Dermal plating consists of sheets of highly resistant bio plastics anchored directly onto the patient's skin. These armored plates grant an enhancement bonus to natural armor of +4.	TYPE:Cyberware.CyberSlot_Body	SPROP:Craft/Install DC 30		BONUS:VAR|CyberwareImplantation|4	WT:10	COST:32000
Dermal Plating (Mark V)			KEY:Cyberware ~ Dermal Plating (Mark V)				ABILITY:Special Ability|AUTOMATIC|Cyberware|Cyberware ~ Dermal Plating (Mark V)			SPROP:Dermal plating consists of sheets of highly resistant bio plastics anchored directly onto the patient's skin. These armored plates grant an enhancement bonus to natural armor of +5.	TYPE:Cyberware.CyberSlot_Body	SPROP:Craft/Install DC 32		BONUS:VAR|CyberwareImplantation|5	WT:10	COST:50000
Fortified Skeleton			KEY:Cyberware ~ Fortified Skeleton					ABILITY:Special Ability|AUTOMATIC|Cyberware|Cyberware ~ Fortified Skeleton				SPROP:The recipient's skeleton is fortified with high-impact polymers, increasing his ability to shrug off physical damage. The recipient gains damage reduction 5/-.	TYPE:Cyberware.CyberSlot_Body	SPROP:Craft/Install DC 36		BONUS:VAR|CyberwareImplantation|6	WT:10	COST:20000
Frenzychip					KEY:Cyberware ~ Frenzychip						ABILITY:Special Ability|AUTOMATIC|Cyberware|Cyberware ~ Frenzychip					SPROP:A frenzychip is installed into a creature's brain. Successful implantation leaves no trace of the operation. Once in place, a frenzychip patches directly in to the patient's motor skills and emotions. As long as she's not fatigued or exhausted, the user of a frenzychip can activate it as a swift action. While active, it grants a +2 morale bonus to Strength and Dexterity, a +1 morale bonus on Reflex saving throws, and a -2 penalty on Will saving throws. The user may use a frenzychip for up to 10 rounds per day, though the rounds need not be consecutive. Once the effects end, she becomes fatigued for twice as many rounds as she was under the frenzychip's effects.	TYPE:Cyberware.CyberSlot_Brain	SPROP:Craft/Install DC 32		BONUS:VAR|CyberwareImplantation|1	WT:1	COST:36400
Laser Optics				KEY:Cyberware ~ Laser Optics						ABILITY:Special Ability|AUTOMATIC|Cyberware|Cyberware ~ Laser Optics					SPROP:The recipient's eyes are replaced with ocular implants capable of firing thin laser beams. A laser eye deals 2d6 points of fire damage, threatens a critical hit on a natural 20, and has a range increment of 20 feet. Each additional eye adds +2 to the damage roll (thus, a pair of laser eyes would deal 2d6+2 points of fire damage). A recipient with laser eyes treat this weapon as natural attacks and not manufactured weapons attacks, and cannot make iterative attacks with these weapons.	TYPE:Cyberware.CyberSlot_Eyes	SPROP:Craft/Install DC 32		BONUS:VAR|CyberwareImplantation|1	WT:1	COST:20000
Implanted Weaponry			KEY:Cyberware ~ Implanted Weaponry					ABILITY:Special Ability|AUTOMATIC|Cyberware|Cyberware ~ Implanted Weaponry				SPROP:A single light melee weapon or one-handed firearm can be implanted in an arm or cybernetic arm. Melee weapons extend or retract as a swift action. Ranged weapons fire through a port on the palm or back of the wrist. Either type of weapon has statistics identical to its normal form. Firearms reload through a breach in the arm, increasing the reloading time of the weapon to a full-round action, or doubling reloading times that already take a full round or longer. Implanted weapons are well concealed; detecting one requires a thorough search (Perception DC 25). Implanted weaponry can be damaged or destroyed by sundering, but cannot be disarmed. Weaponry installed in a cybernetic arm does not count against a creature's implantation limit. The cost, price, and weight of the weapon to be implanted are added to the cost, price, and weight listed in this stat block.	TYPE:Cyberware.CyberSlot_Arm	SPROP:Craft/Install DC 25		BONUS:VAR|CyberwareImplantation|2	WT:1	COST:10000
Mindscreen Implant			KEY:Cyberware ~ Mindscreen Implant					ABILITY:Special Ability|AUTOMATIC|Cyberware|Cyberware ~ Mindscreen Implant				SPROP:A small implant in the recipient's brain protects him against mental attacks. The recipient gains a +2 enhancement bonus on saving throws against mind-affecting attacks.	TYPE:Cyberware.CyberSlot_Brain	SPROP:Craft/Install DC 28		BONUS:VAR|CyberwareImplantation|1	WT:0.5	COST:2000
Nightvision Optics			KEY:Cyberware ~ Nightvision Optics					ABILITY:Special Ability|AUTOMATIC|Cyberware|Cyberware ~ Nightvision Optics				SPROP:The recipient's eyes are replaced with ocular implants that enable the character to see better in the dark. All of the recipient's eyes must be replaced to gain any benefit. The recipient gains darkvision out to a range of 60 feet.	TYPE:Cyberware.CyberSlot_Eyes	SPROP:Craft/Install DC 28		BONUS:VAR|CyberwareImplantation|1	WT:1	COST:12000
Skillslot					KEY:Cyberware ~ Skillslot						ABILITY:Special Ability|AUTOMATIC|Cyberware|Cyberware ~ Skillslot						SPROP:A skillslot is implanted into the target's brain, leaving a small port at the base of the skull. This port is covered with a flap of skin when not in use. Once installed, a skillslot has no effect until a skillchip is inserted into the port. An inserted skillchip enhances the user's ability in the skill encoded on the chip; the magnitude to which the skill is enhanced depends on the power of the skillchip. This does not grant ranks in the associated skill. It takes 10 minutes for a skillchip to adjust itself to a new skillslot; during this time, the user takes a -2 penalty on all skill checks as distracting sensations flood his mind. When a skillchip is removed, its benefits end immediately, but the wearer suffers no ill effects.	TYPE:Cyberware.CyberSlot_Brain	SPROP:Craft/Install DC 30		BONUS:VAR|CyberwareImplantation|1	WT:1	COST:1000
Stabilizer					KEY:Cyberware ~ Stabilizer						ABILITY:Special Ability|AUTOMATIC|Cyberware|Cyberware ~ Stabilizer					SPROP:A stabilizer releases chemical coagulants into a dying recipient's bloodstream to prevent excess blood loss, effectively stabilizing him. A stabilizer is usually installed near the recipient's heart. If reduced to negative hit points, the recipient automatically stabilizes.	TYPE:Cyberware.CyberSlot_Body	SPROP:Craft/Install DC 26		BONUS:VAR|CyberwareImplantation|1	WT:1	COST:4000
Targeting Optics				KEY:Cyberware ~ Targeting Optics					ABILITY:Special Ability|AUTOMATIC|Cyberware|Cyberware ~ Targeting Optics				SPROP:The recipient's eyes are replaced with ocular implants that use a projected targeting reticle to improve the recipient's aim. Targeting optics grant a +1 bonus on all attack rolls made with ranged weapons. The listed price, implantation value, and install DC are for having two eyes installed. A single targeting optic costs half the price and half the listed implantation value, but a creature must replace all of its eyes to receive the benefits above.	TYPE:Cyberware.CyberSlot_Eyes	SPROP:Craft/Install DC 28		BONUS:VAR|CyberwareImplantation|1	WT:1	COST:4000
Telescopic Optics				KEY:Cyberware ~ Telescopic Optics					ABILITY:Special Ability|AUTOMATIC|Cyberware|Cyberware ~ Telescopic Optics				SPROP:The recipient's eyes are replaced with ocular implants that simulate the effects of binoculars, enabling the recipient to perceive distant objects more easily. All of the recipient's eyes must be replaced to gain any benefit. Telescopic optics reduce the cumulative penalty to -1 for each full range increment (or fraction thereof) of distance to the target.	TYPE:Cyberware.CyberSlot_Eyes	SPROP:Craft/Install DC 24		BONUS:VAR|CyberwareImplantation|1	WT:1	COST:2000
Thoracic Nanite Chamber (Mark I)	KEY:Cyberware ~ Thoracic Nanite Chamber (Mark I)		ABILITY:Special Ability|AUTOMATIC|Cyberware|Cyberware ~ Thoracic Nanite Chamber (Mark I)		SPROP:A thoracic nanite chamber augments the vital organs within a creature's chest, particularly its heart, lungs, and pulmonary system. Once installed, a thoracic nanite chamber grants an enhancement bonus to Constitution of +2.	TYPE:Cyberware.CyberSlot_Body	SPROP:Craft/Install DC 24		BONUS:VAR|CyberwareImplantation|2	WT:5	COST:4000
Thoracic Nanite Chamber (Mark II)	KEY:Cyberware ~ Thoracic Nanite Chamber (Mark II)		ABILITY:Special Ability|AUTOMATIC|Cyberware|Cyberware ~ Thoracic Nanite Chamber (Mark II)		SPROP:A thoracic nanite chamber augments the vital organs within a creature's chest, particularly its heart, lungs, and pulmonary system. Once installed, a thoracic nanite chamber grants an enhancement bonus to Constitution of +4.	TYPE:Cyberware.CyberSlot_Body	SPROP:Craft/Install DC 28		BONUS:VAR|CyberwareImplantation|4	WT:5	COST:16000
Thoracic Nanite Chamber (Mark III)	KEY:Cyberware ~ Thoracic Nanite Chamber (Mark III)		ABILITY:Special Ability|AUTOMATIC|Cyberware|Cyberware ~ Thoracic Nanite Chamber (Mark III)	SPROP:A thoracic nanite chamber augments the vital organs within a creature's chest, particularly its heart, lungs, and pulmonary system. Once installed, a thoracic nanite chamber grants an enhancement bonus to Constitution of +6.	TYPE:Cyberware.CyberSlot_Body	SPROP:Craft/Install DC 36		BONUS:VAR|CyberwareImplantation|6	WT:5	COST:36000
Wirejack Tendons (Mark I)		KEY:Cyberware ~ Wirejack Tendons (Mark I)				ABILITY:Special Ability|AUTOMATIC|Cyberware|Cyberware ~ Wirejack Tendons (Mark I)			SPROP:Wirejack tendons not only strengthen and enhance existing reflexes, but also enhance the transmission of nerve impulses to surrounding musculature. Once installed, wirejack tendons grant an enhancement bonus to Dexterity of +2.	TYPE:Cyberware.CyberSlot_Body	SPROP:Craft/Install DC 24		BONUS:VAR|CyberwareImplantation|2	WT:10	COST:4000
Wirejack Tendons (Mark II)		KEY:Cyberware ~ Wirejack Tendons (Mark II)			ABILITY:Special Ability|AUTOMATIC|Cyberware|Cyberware ~ Wirejack Tendons (Mark II)			SPROP:Wirejack tendons not only strengthen and enhance existing reflexes, but also enhance the transmission of nerve impulses to surrounding musculature. Once installed, wirejack tendons grant an enhancement bonus to Dexterity of +4.	TYPE:Cyberware.CyberSlot_Body	SPROP:Craft/Install DC 28		BONUS:VAR|CyberwareImplantation|4	WT:10	COST:16000
Wirejack Tendons (Mark III)		KEY:Cyberware ~ Wirejack Tendons (Mark III)			ABILITY:Special Ability|AUTOMATIC|Cyberware|Cyberware ~ Wirejack Tendons (Mark III)			SPROP:Wirejack tendons not only strengthen and enhance existing reflexes, but also enhance the transmission of nerve impulses to surrounding musculature. Once installed, wirejack tendons grant an enhancement bonus to Dexterity of +6.	TYPE:Cyberware.CyberSlot_Body	SPROP:Craft/Install DC 36		BONUS:VAR|CyberwareImplantation|6	WT:10	COST:36000
